[2025-02-27 07:20:31Z INFO HostContext] No proxy settings were found based on environmental variables (http_proxy/https_proxy/HTTP_PROXY/HTTPS_PROXY)
[2025-02-27 07:20:31Z INFO HostContext] Well known directory 'Bin': '/root/runner-2.322.0/out'
[2025-02-27 07:20:31Z INFO HostContext] Well known directory 'Root': '/root/runner-2.322.0'
[2025-02-27 07:20:31Z INFO HostContext] Well known config file 'Credentials': '/root/runner-2.322.0/.credentials'
[2025-02-27 07:20:31Z INFO HostContext] Well known directory 'Bin': '/root/runner-2.322.0/out'
[2025-02-27 07:20:31Z INFO HostContext] Well known directory 'Root': '/root/runner-2.322.0'
[2025-02-27 07:20:31Z INFO HostContext] Well known config file 'Runner': '/root/runner-2.322.0/.runner'
[2025-02-27 07:20:31Z INFO Listener] Runner is built for Linux (X64) - N/A.
[2025-02-27 07:20:31Z INFO Listener] RuntimeInformation: Ubuntu 22.04.1 LTS.
[2025-02-27 07:20:31Z INFO Listener] Version: 0
[2025-02-27 07:20:31Z INFO Listener] Commit: N/A
[2025-02-27 07:20:31Z INFO Listener] Culture: en-US
[2025-02-27 07:20:31Z INFO Listener] UI Culture: en-US
[2025-02-27 07:20:31Z INFO HostContext] Well known directory 'Bin': '/root/runner-2.322.0/out'
[2025-02-27 07:20:31Z INFO HostContext] Well known directory 'Root': '/root/runner-2.322.0'
[2025-02-27 07:20:31Z INFO Listener] Validating directory permissions for: '/root/runner-2.322.0'
[2025-02-27 07:20:31Z INFO CommandLineParser] Parse
[2025-02-27 07:20:31Z INFO CommandLineParser] Parsing 10 args
[2025-02-27 07:20:31Z INFO CommandLineParser] parsing argument
[2025-02-27 07:20:31Z INFO CommandLineParser] HasArgs: False
[2025-02-27 07:20:31Z INFO CommandLineParser] Adding Command: configure
[2025-02-27 07:20:31Z INFO CommandLineParser] parsing argument
[2025-02-27 07:20:31Z INFO CommandLineParser] HasArgs: True
[2025-02-27 07:20:31Z INFO CommandLineParser] arg: url
[2025-02-27 07:20:31Z INFO CommandLineParser] parsing argument
[2025-02-27 07:20:31Z INFO CommandLineParser] HasArgs: True
[2025-02-27 07:20:31Z INFO CommandLineParser] Adding option 'url': 'https://github.com/977812671/x'
[2025-02-27 07:20:31Z INFO CommandLineParser] parsing argument
[2025-02-27 07:20:31Z INFO CommandLineParser] HasArgs: True
[2025-02-27 07:20:31Z INFO CommandLineParser] arg: pat
[2025-02-27 07:20:31Z INFO CommandLineParser] parsing argument
[2025-02-27 07:20:31Z INFO CommandLineParser] HasArgs: True
[2025-02-27 07:20:31Z INFO CommandLineParser] Adding option 'pat': '***'
[2025-02-27 07:20:31Z INFO CommandLineParser] parsing argument
[2025-02-27 07:20:31Z INFO CommandLineParser] HasArgs: True
[2025-02-27 07:20:31Z INFO CommandLineParser] arg: replace
[2025-02-27 07:20:31Z INFO CommandLineParser] parsing argument
[2025-02-27 07:20:31Z INFO CommandLineParser] HasArgs: True
[2025-02-27 07:20:31Z INFO CommandLineParser] arg: name
[2025-02-27 07:20:31Z INFO CommandLineParser] Adding flag: replace
[2025-02-27 07:20:31Z INFO CommandLineParser] parsing argument
[2025-02-27 07:20:31Z INFO CommandLineParser] HasArgs: True
[2025-02-27 07:20:31Z INFO CommandLineParser] Adding option 'name': 'aws-ec2-runner'
[2025-02-27 07:20:31Z INFO CommandLineParser] parsing argument
[2025-02-27 07:20:31Z INFO CommandLineParser] HasArgs: True
[2025-02-27 07:20:31Z INFO CommandLineParser] arg: labels
[2025-02-27 07:20:31Z INFO CommandLineParser] parsing argument
[2025-02-27 07:20:31Z INFO CommandLineParser] HasArgs: True
[2025-02-27 07:20:31Z INFO CommandLineParser] Adding option 'labels': 'linux,x64,gpu'
[2025-02-27 07:20:31Z INFO Listener] Arguments parsed
[2025-02-27 07:20:31Z INFO Runner] ExecuteCommand
[2025-02-27 07:20:31Z INFO ConfigurationStore] currentAssemblyLocation: /root/runner-2.322.0/out/Runner.Listener.dll
[2025-02-27 07:20:31Z INFO HostContext] Well known directory 'Bin': '/root/runner-2.322.0/out'
[2025-02-27 07:20:31Z INFO ConfigurationStore] binPath: /root/runner-2.322.0/out
[2025-02-27 07:20:31Z INFO HostContext] Well known directory 'Bin': '/root/runner-2.322.0/out'
[2025-02-27 07:20:31Z INFO HostContext] Well known directory 'Root': '/root/runner-2.322.0'
[2025-02-27 07:20:31Z INFO ConfigurationStore] RootFolder: /root/runner-2.322.0
[2025-02-27 07:20:31Z INFO HostContext] Well known directory 'Bin': '/root/runner-2.322.0/out'
[2025-02-27 07:20:31Z INFO HostContext] Well known directory 'Root': '/root/runner-2.322.0'
[2025-02-27 07:20:31Z INFO HostContext] Well known config file 'Runner': '/root/runner-2.322.0/.runner'
[2025-02-27 07:20:31Z INFO ConfigurationStore] ConfigFilePath: /root/runner-2.322.0/.runner
[2025-02-27 07:20:31Z INFO HostContext] Well known directory 'Bin': '/root/runner-2.322.0/out'
[2025-02-27 07:20:31Z INFO HostContext] Well known directory 'Root': '/root/runner-2.322.0'
[2025-02-27 07:20:31Z INFO HostContext] Well known config file 'Credentials': '/root/runner-2.322.0/.credentials'
[2025-02-27 07:20:31Z INFO ConfigurationStore] CredFilePath: /root/runner-2.322.0/.credentials
[2025-02-27 07:20:31Z INFO HostContext] Well known directory 'Bin': '/root/runner-2.322.0/out'
[2025-02-27 07:20:31Z INFO HostContext] Well known directory 'Root': '/root/runner-2.322.0'
[2025-02-27 07:20:31Z INFO HostContext] Well known config file 'MigratedCredentials': '/root/runner-2.322.0/.credentials_migrated'
[2025-02-27 07:20:31Z INFO ConfigurationStore] MigratedCredFilePath: /root/runner-2.322.0/.credentials_migrated
[2025-02-27 07:20:31Z INFO HostContext] Well known directory 'Bin': '/root/runner-2.322.0/out'
[2025-02-27 07:20:31Z INFO HostContext] Well known directory 'Root': '/root/runner-2.322.0'
[2025-02-27 07:20:31Z INFO HostContext] Well known config file 'Service': '/root/runner-2.322.0/.service'
[2025-02-27 07:20:31Z INFO ConfigurationStore] ServiceConfigFilePath: /root/runner-2.322.0/.service
[2025-02-27 07:20:31Z INFO CommandSettings] Flag 'help': 'False'
[2025-02-27 07:20:31Z INFO CommandSettings] Flag 'version': 'False'
[2025-02-27 07:20:31Z INFO CommandSettings] Flag 'commit': 'False'
[2025-02-27 07:20:31Z INFO CommandSettings] Flag 'check': 'False'
[2025-02-27 07:20:31Z INFO CommandSettings] Command 'configure': 'True'
[2025-02-27 07:20:31Z INFO Terminal] WRITE LINE: 
[2025-02-27 07:20:31Z INFO Terminal] WRITE LINE: --------------------------------------------------------------------------------
[2025-02-27 07:20:31Z INFO Terminal] WRITE LINE: |        ____ _ _   _   _       _          _        _   _                      |
[2025-02-27 07:20:31Z INFO Terminal] WRITE LINE: |       / ___(_) |_| | | |_   _| |__      / \   ___| |_(_) ___  _ __  ___      |
[2025-02-27 07:20:31Z INFO Terminal] WRITE LINE: |      | |  _| | __| |_| | | | | '_ \    / _ \ / __| __| |/ _ \| '_ \/ __|     |
[2025-02-27 07:20:31Z INFO Terminal] WRITE LINE: |      | |_| | | |_|  _  | |_| | |_) |  / ___ \ (__| |_| | (_) | | | \__ \     |
[2025-02-27 07:20:31Z INFO Terminal] WRITE LINE: |       \____|_|\__|_| |_|\__,_|_.__/  /_/   \_\___|\__|_|\___/|_| |_|___/     |
[2025-02-27 07:20:31Z INFO Terminal] WRITE LINE: |                                                                              |
[2025-02-27 07:20:31Z INFO Terminal] WRITE: |                       
[2025-02-27 07:20:31Z INFO Terminal] WRITE: Self-hosted runner registration
[2025-02-27 07:20:31Z INFO Terminal] WRITE LINE:                         |
[2025-02-27 07:20:31Z INFO Terminal] WRITE LINE: |                                                                              |
[2025-02-27 07:20:31Z INFO Terminal] WRITE LINE: --------------------------------------------------------------------------------
[2025-02-27 07:20:31Z INFO ConfigurationManager] ConfigureAsync
[2025-02-27 07:20:31Z INFO CommandSettings] Flag 'generateServiceConfig': 'False'
[2025-02-27 07:20:31Z INFO ConfigurationStore] IsConfigured()
[2025-02-27 07:20:31Z INFO ConfigurationStore] IsConfigured: False
[2025-02-27 07:20:31Z INFO ConfigurationManager] Is configured: False
[2025-02-27 07:20:31Z INFO CommandSettings] Arg 'url': 'https://github.com/977812671/x'
[2025-02-27 07:20:31Z INFO CommandSettings] Remove url from Arg dictionary.
[2025-02-27 07:20:31Z INFO ConfigurationManager] Retriving runner registration token using GitHub PAT.
[2025-02-27 07:20:33Z INFO ConfigurationManager] Http response code: Created from 'POST https://api.github.com/repos/977812671/x/actions/runners/registration-token' (E7AE:1C5282:2CEBD53:5A3916E:67C01240)
[2025-02-27 07:20:33Z INFO ConfigurationManager] Retrived runner registration token is good to 2025-02-27T16:20:33.139+08:00.
[2025-02-27 07:20:33Z INFO ConfigurationManager] Http response code: OK from 'POST https://api.github.com/actions/runner-registration' (E8A8:1A59F7:22EEAA1:4656AE3:67C01241)
[2025-02-27 07:20:33Z INFO ConfigurationManager] Using V2 flow: False
[2025-02-27 07:20:33Z INFO ConfigurationManager] cred retrieved via GitHub auth
[2025-02-27 07:20:33Z INFO RunnerServer] EstablishVssConnection
[2025-02-27 07:20:33Z INFO RunnerServer] Establish connection with 100 seconds timeout.
[2025-02-27 07:20:34Z INFO GitHubActionsService] Starting operation Location.GetConnectionData
[2025-02-27 07:20:34Z INFO RunnerServer] EstablishVssConnection
[2025-02-27 07:20:34Z INFO RunnerServer] Establish connection with 60 seconds timeout.
[2025-02-27 07:20:34Z INFO GitHubActionsService] Starting operation Location.GetConnectionData
[2025-02-27 07:20:34Z INFO RunnerServer] EstablishVssConnection
[2025-02-27 07:20:34Z INFO RunnerServer] Establish connection with 60 seconds timeout.
[2025-02-27 07:20:34Z INFO GitHubActionsService] Starting operation Location.GetConnectionData
[2025-02-27 07:20:34Z INFO Terminal] WRITE LINE: Exiting...
