[2025-02-27 11:29:36Z INFO HostContext] No proxy settings were found based on environmental variables (http_proxy/https_proxy/HTTP_PROXY/HTTPS_PROXY)
[2025-02-27 11:29:36Z INFO HostContext] Well known directory 'Bin': '/root/runner-2.322.0/bin'
[2025-02-27 11:29:36Z INFO HostContext] Well known directory 'Root': '/root/runner-2.322.0'
[2025-02-27 11:29:36Z INFO HostContext] Well known config file 'Credentials': '/root/runner-2.322.0/.credentials'
[2025-02-27 11:29:36Z INFO HostContext] Well known directory 'Bin': '/root/runner-2.322.0/bin'
[2025-02-27 11:29:36Z INFO HostContext] Well known directory 'Root': '/root/runner-2.322.0'
[2025-02-27 11:29:36Z INFO HostContext] Well known config file 'Runner': '/root/runner-2.322.0/.runner'
[2025-02-27 11:29:36Z INFO Listener] Runner is built for Linux (X64) - gancc.
[2025-02-27 11:29:36Z INFO Listener] RuntimeInformation: Ubuntu 22.04.1 LTS.
[2025-02-27 11:29:36Z INFO Listener] Version: 2.322.0
[2025-02-27 11:29:36Z INFO Listener] Commit: N/A
[2025-02-27 11:29:36Z INFO Listener] Culture: en-US
[2025-02-27 11:29:36Z INFO Listener] UI Culture: en-US
[2025-02-27 11:29:36Z INFO HostContext] Well known directory 'Bin': '/root/runner-2.322.0/bin'
[2025-02-27 11:29:36Z INFO HostContext] Well known directory 'Root': '/root/runner-2.322.0'
[2025-02-27 11:29:36Z INFO Listener] Validating directory permissions for: '/root/runner-2.322.0'
[2025-02-27 11:29:36Z INFO CommandLineParser] Parse
[2025-02-27 11:29:36Z INFO CommandLineParser] Parsing 1 args
[2025-02-27 11:29:36Z INFO CommandLineParser] parsing argument
[2025-02-27 11:29:36Z INFO CommandLineParser] HasArgs: False
[2025-02-27 11:29:36Z INFO CommandLineParser] Adding Command: run
[2025-02-27 11:29:36Z INFO Listener] Arguments parsed
[2025-02-27 11:29:36Z INFO Runner] ExecuteCommand
[2025-02-27 11:29:36Z INFO ConfigurationStore] currentAssemblyLocation: /root/runner-2.322.0/bin/Runner.Listener.dll
[2025-02-27 11:29:36Z INFO HostContext] Well known directory 'Bin': '/root/runner-2.322.0/bin'
[2025-02-27 11:29:36Z INFO ConfigurationStore] binPath: /root/runner-2.322.0/bin
[2025-02-27 11:29:36Z INFO HostContext] Well known directory 'Bin': '/root/runner-2.322.0/bin'
[2025-02-27 11:29:36Z INFO HostContext] Well known directory 'Root': '/root/runner-2.322.0'
[2025-02-27 11:29:36Z INFO ConfigurationStore] RootFolder: /root/runner-2.322.0
[2025-02-27 11:29:36Z INFO HostContext] Well known directory 'Bin': '/root/runner-2.322.0/bin'
[2025-02-27 11:29:36Z INFO HostContext] Well known directory 'Root': '/root/runner-2.322.0'
[2025-02-27 11:29:36Z INFO HostContext] Well known config file 'Runner': '/root/runner-2.322.0/.runner'
[2025-02-27 11:29:36Z INFO ConfigurationStore] ConfigFilePath: /root/runner-2.322.0/.runner
[2025-02-27 11:29:36Z INFO HostContext] Well known directory 'Bin': '/root/runner-2.322.0/bin'
[2025-02-27 11:29:36Z INFO HostContext] Well known directory 'Root': '/root/runner-2.322.0'
[2025-02-27 11:29:36Z INFO HostContext] Well known config file 'Credentials': '/root/runner-2.322.0/.credentials'
[2025-02-27 11:29:36Z INFO ConfigurationStore] CredFilePath: /root/runner-2.322.0/.credentials
[2025-02-27 11:29:36Z INFO HostContext] Well known directory 'Bin': '/root/runner-2.322.0/bin'
[2025-02-27 11:29:36Z INFO HostContext] Well known directory 'Root': '/root/runner-2.322.0'
[2025-02-27 11:29:36Z INFO HostContext] Well known config file 'MigratedCredentials': '/root/runner-2.322.0/.credentials_migrated'
[2025-02-27 11:29:36Z INFO ConfigurationStore] MigratedCredFilePath: /root/runner-2.322.0/.credentials_migrated
[2025-02-27 11:29:36Z INFO HostContext] Well known directory 'Bin': '/root/runner-2.322.0/bin'
[2025-02-27 11:29:36Z INFO HostContext] Well known directory 'Root': '/root/runner-2.322.0'
[2025-02-27 11:29:36Z INFO HostContext] Well known config file 'Service': '/root/runner-2.322.0/.service'
[2025-02-27 11:29:36Z INFO ConfigurationStore] ServiceConfigFilePath: /root/runner-2.322.0/.service
[2025-02-27 11:29:36Z INFO CommandSettings] Flag 'help': 'False'
[2025-02-27 11:29:36Z INFO CommandSettings] Flag 'version': 'False'
[2025-02-27 11:29:36Z INFO CommandSettings] Flag 'commit': 'False'
[2025-02-27 11:29:36Z INFO CommandSettings] Flag 'check': 'False'
[2025-02-27 11:29:36Z INFO CommandSettings] Command 'configure': 'False'
[2025-02-27 11:29:36Z INFO CommandSettings] Command 'remove': 'False'
[2025-02-27 11:29:36Z INFO CommandSettings] Command 'warmup': 'False'
[2025-02-27 11:29:36Z INFO ConfigurationManager] LoadSettings
[2025-02-27 11:29:36Z INFO ConfigurationStore] IsConfigured()
[2025-02-27 11:29:36Z INFO ConfigurationStore] IsConfigured: True
[2025-02-27 11:29:36Z INFO ConfigurationManager] Is configured: True
[2025-02-27 11:29:36Z INFO ConfigurationStore] Read setting file: 297 chars
[2025-02-27 11:29:36Z INFO ConfigurationManager] Settings Loaded
[2025-02-27 11:29:36Z INFO ConfigurationStore] IsServiceConfigured()
[2025-02-27 11:29:36Z INFO ConfigurationStore] IsServiceConfigured: False
[2025-02-27 11:29:36Z INFO CommandSettings] Command 'run': 'True'
[2025-02-27 11:29:36Z INFO ConfigurationStore] IsConfigured()
[2025-02-27 11:29:36Z INFO ConfigurationStore] IsConfigured: True
[2025-02-27 11:29:36Z INFO ConfigurationManager] Is configured: True
[2025-02-27 11:29:36Z INFO Runner] Could not parse the argument value '' for StartupType. Defaulting to Manual
[2025-02-27 11:29:36Z INFO Runner] Set runner startup type - Manual
[2025-02-27 11:29:36Z INFO CommandSettings] Flag 'once': 'False'
[2025-02-27 11:29:36Z INFO CommandSettings] Flag 'once': 'False'
[2025-02-27 11:29:36Z INFO Runner] RunAsync
[2025-02-27 11:29:36Z INFO ConfigurationManager] LoadSettings
[2025-02-27 11:29:36Z INFO ConfigurationStore] IsConfigured()
[2025-02-27 11:29:36Z INFO ConfigurationStore] IsConfigured: True
[2025-02-27 11:29:36Z INFO ConfigurationManager] Is configured: True
[2025-02-27 11:29:36Z INFO ConfigurationManager] Settings Loaded
[2025-02-27 11:29:37Z INFO MessageListener] {
  "AgentId": 21,
  "AgentName": "aws-ec2-runner",
  "PoolId": 1,
  "PoolName": "Default",
  "ServerUrl": "https://pipelinesghubeus26.actions.githubusercontent.com/SfyakzukUfdhrBdEGidiFfmixUSG5YVYuoxUNq0fbGV6uquOeY/",
  "GitHubUrl": "https://github.com/977812671/gancc",
  "WorkFolder": "_work"
}
[2025-02-27 11:29:37Z INFO MessageListener] Loading Credentials
[2025-02-27 11:29:37Z INFO ConfigurationStore] HasCredentials()
[2025-02-27 11:29:37Z INFO ConfigurationStore] stored True
[2025-02-27 11:29:37Z INFO CredentialManager] GetCredentialProvider
[2025-02-27 11:29:37Z INFO CredentialManager] Creating type OAuth
[2025-02-27 11:29:37Z INFO CredentialManager] Creating credential type: OAuth
[2025-02-27 11:29:37Z INFO HostContext] Well known directory 'Bin': '/root/runner-2.322.0/bin'
[2025-02-27 11:29:37Z INFO HostContext] Well known directory 'Root': '/root/runner-2.322.0'
[2025-02-27 11:29:37Z INFO HostContext] Well known config file 'RSACredentials': '/root/runner-2.322.0/.credentials_rsaparams'
[2025-02-27 11:29:37Z INFO RSAFileKeyManager] Loading RSA key parameters from file /root/runner-2.322.0/.credentials_rsaparams
[2025-02-27 11:29:37Z INFO MessageListener] Attempt to create session.
[2025-02-27 11:29:37Z INFO MessageListener] Connecting to the Runner Server...
[2025-02-27 11:29:37Z INFO RunnerServer] EstablishVssConnection
[2025-02-27 11:29:37Z INFO RunnerServer] Establish connection with 100 seconds timeout.
[2025-02-27 11:29:37Z INFO GitHubActionsService] Starting operation Location.GetConnectionData
[2025-02-27 11:29:37Z INFO RunnerServer] EstablishVssConnection
[2025-02-27 11:29:37Z INFO RunnerServer] Establish connection with 60 seconds timeout.
[2025-02-27 11:29:38Z INFO GitHubActionsService] Starting operation Location.GetConnectionData
[2025-02-27 11:29:38Z INFO RunnerServer] EstablishVssConnection
[2025-02-27 11:29:38Z INFO RunnerServer] Establish connection with 60 seconds timeout.
[2025-02-27 11:29:38Z INFO GitHubActionsService] Starting operation Location.GetConnectionData
[2025-02-27 11:29:39Z INFO GitHubActionsService] Finished operation Location.GetConnectionData
[2025-02-27 11:29:39Z INFO GitHubActionsService] Finished operation Location.GetConnectionData
[2025-02-27 11:29:39Z INFO GitHubActionsService] Finished operation Location.GetConnectionData
[2025-02-27 11:29:39Z INFO MessageListener] VssConnection created
[2025-02-27 11:29:39Z INFO Terminal] WRITE LINE: 
[2025-02-27 11:29:39Z INFO Terminal] WRITE LINE: 
[2025-02-27 11:29:40Z INFO RSAFileKeyManager] Loading RSA key parameters from file /root/runner-2.322.0/.credentials_rsaparams
[2025-02-27 11:29:40Z INFO RSAFileKeyManager] Loading RSA key parameters from file /root/runner-2.322.0/.credentials_rsaparams
[2025-02-27 11:29:40Z INFO GitHubActionsService] AAD Correlation ID for this token request: Unknown
[2025-02-27 11:29:40Z INFO MessageListener] Session created.
[2025-02-27 11:29:40Z INFO Terminal] WRITE LINE: Current runner version: '2.322.0'
[2025-02-27 11:29:40Z INFO Terminal] WRITE LINE: 2025-02-27 11:29:40Z: Listening for Jobs
[2025-02-27 11:29:40Z INFO JobDispatcher] Set runner/worker IPC timeout to 30 seconds.
[2025-02-27 11:29:40Z INFO RSAFileKeyManager] Loading RSA key parameters from file /root/runner-2.322.0/.credentials_rsaparams
[2025-02-27 11:29:40Z INFO GitHubActionsService] AAD Correlation ID for this token request: Unknown
[2025-02-27 11:31:50Z INFO Terminal] WRITE LINE: Exiting...
[2025-02-27 11:31:50Z INFO ConfigurationStore] IsServiceConfigured()
[2025-02-27 11:31:50Z INFO ConfigurationStore] IsServiceConfigured: False
[2025-02-27 11:31:50Z INFO HostContext] Runner will be shutdown for UserCancelled
[2025-02-27 11:31:50Z WARN GitHubActionsService] GET request to https://broker.actions.githubusercontent.com/message?sessionId=f5c20adf-6c17-47c1-a7fb-8861ce4290cd&status=Online&runnerVersion=2.322.0&os=Linux&architecture=X64&disableUpdate=false has been cancelled.
[2025-02-27 11:31:50Z ERR  BrokerServer] Catch exception during request
[2025-02-27 11:31:50Z ERR  BrokerServer] System.Threading.Tasks.TaskCanceledException: The operation was canceled.
 ---> System.Threading.Tasks.TaskCanceledException: The operation was canceled.
 ---> System.IO.IOException: Unable to read data from the transport connection: Operation canceled.
 ---> System.Net.Sockets.SocketException (125): Operation canceled
   --- End of inner exception stack trace ---
   at System.Net.Sockets.Socket.AwaitableSocketAsyncEventArgs.ThrowException(SocketError error, CancellationToken cancellationToken)
   at System.Net.Sockets.Socket.AwaitableSocketAsyncEventArgs.System.Threading.Tasks.Sources.IValueTaskSource<System.Int32>.GetResult(Int16 token)
   at System.Net.Security.SslStream.EnsureFullTlsFrameAsync[TIOAdapter](CancellationToken cancellationToken, Int32 estimatedSize)
   at System.Runtime.CompilerServices.PoolingAsyncValueTaskMethodBuilder`1.StateMachineBox`1.System.Threading.Tasks.Sources.IValueTaskSource<TResult>.GetResult(Int16 token)
   at System.Net.Security.SslStream.ReadAsyncInternal[TIOAdapter](Memory`1 buffer, CancellationToken cancellationToken)
   at System.Runtime.CompilerServices.PoolingAsyncValueTaskMethodBuilder`1.StateMachineBox`1.System.Threading.Tasks.Sources.IValueTaskSource<TResult>.GetResult(Int16 token)
   at System.Net.Http.HttpConnection.SendAsync(HttpRequestMessage request, Boolean async, CancellationToken cancellationToken)
   --- End of inner exception stack trace ---
   at System.Net.Http.HttpConnection.SendAsync(HttpRequestMessage request, Boolean async, CancellationToken cancellationToken)
   at System.Net.Http.AuthenticationHelper.SendWithNtAuthAsync(HttpRequestMessage request, Uri authUri, Boolean async, ICredentials credentials, Boolean isProxyAuth, HttpConnection connection, HttpConnectionPool connectionPool, CancellationToken cancellationToken)
   at System.Net.Http.HttpConnectionPool.SendWithVersionDetectionAndRetryAsync(HttpRequestMessage request, Boolean async, Boolean doRequestAuth, CancellationToken cancellationToken)
   at System.Net.Http.AuthenticationHelper.SendWithAuthAsync(HttpRequestMessage request, Uri authUri, Boolean async, ICredentials credentials, Boolean preAuthenticate, Boolean isProxyAuth, Boolean doRequestAuth, HttpConnectionPool pool, CancellationToken cancellationToken)
   at System.Net.Http.RedirectHandler.SendAsync(HttpRequestMessage request, Boolean async, CancellationToken cancellationToken)
   at GitHub.Services.Common.RawHttpMessageHandler.SendAsync(HttpRequestMessage request, CancellationToken cancellationToken) in /root/runner-2.322.0/src/Sdk/Common/Common/RawHttpMessageHandler.cs:line 159
   at GitHub.Services.Common.VssHttpRetryMessageHandler.SendAsync(HttpRequestMessage request, CancellationToken cancellationToken) in /root/runner-2.322.0/src/Sdk/Common/Common/VssHttpRetryMessageHandler.cs:line 102
   at System.Net.Http.HttpClient.<SendAsync>g__Core|83_0(HttpRequestMessage request, HttpCompletionOption completionOption, CancellationTokenSource cts, Boolean disposeCts, CancellationTokenSource pendingRequestsCts, CancellationToken originalCancellationToken)
   --- End of inner exception stack trace ---
   at System.Net.Http.HttpClient.HandleFailure(Exception e, Boolean telemetryStarted, HttpResponseMessage response, CancellationTokenSource cts, CancellationToken cancellationToken, CancellationTokenSource pendingRequestsCts)
   at System.Net.Http.HttpClient.<SendAsync>g__Core|83_0(HttpRequestMessage request, HttpCompletionOption completionOption, CancellationTokenSource cts, Boolean disposeCts, CancellationTokenSource pendingRequestsCts, CancellationToken originalCancellationToken)
   at Sdk.WebApi.WebApi.RawHttpClientBase.SendAsync(HttpRequestMessage message, HttpCompletionOption completionOption, Object userState, CancellationToken cancellationToken) in /root/runner-2.322.0/src/Sdk/WebApi/WebApi/RawHttpClientBase.cs:line 245
   at Sdk.WebApi.WebApi.RawHttpClientBase.SendAsync[T](HttpRequestMessage message, Boolean readErrorBody, Object userState, CancellationToken cancellationToken) in /root/runner-2.322.0/src/Sdk/WebApi/WebApi/RawHttpClientBase.cs:line 181
   at Sdk.WebApi.WebApi.RawHttpClientBase.SendAsync[T](HttpMethod method, IEnumerable`1 additionalHeaders, Uri requestUri, HttpContent content, IEnumerable`1 queryParameters, Boolean readErrorBody, Object userState, CancellationToken cancellationToken) in /root/runner-2.322.0/src/Sdk/WebApi/WebApi/RawHttpClientBase.cs:line 168
   at GitHub.Actions.RunService.WebApi.BrokerHttpClient.GetRunnerMessageAsync(Nullable`1 sessionId, String runnerVersion, Nullable`1 status, String os, String architecture, Nullable`1 disableUpdate, CancellationToken cancellationToken) in /root/runner-2.322.0/src/Sdk/WebApi/WebApi/BrokerHttpClient.cs:line 102
   at GitHub.Runner.Common.BrokerServer.<>c__DisplayClass7_0.<<GetRunnerMessageAsync>b__0>d.MoveNext() in /root/runner-2.322.0/src/Runner.Common/BrokerServer.cs:line 67
--- End of stack trace from previous location ---
   at GitHub.Runner.Common.RunnerService.RetryRequest[T](Func`1 func, CancellationToken cancellationToken, Int32 maxRetryAttemptsCount, Func`2 shouldRetry) in /root/runner-2.322.0/src/Runner.Common/RunnerService.cs:line 97
[2025-02-27 11:31:50Z ERR  BrokerServer] #####################################################
[2025-02-27 11:31:50Z ERR  BrokerServer] System.Threading.Tasks.TaskCanceledException: The operation was canceled.
 ---> System.IO.IOException: Unable to read data from the transport connection: Operation canceled.
 ---> System.Net.Sockets.SocketException (125): Operation canceled
   --- End of inner exception stack trace ---
   at System.Net.Sockets.Socket.AwaitableSocketAsyncEventArgs.ThrowException(SocketError error, CancellationToken cancellationToken)
   at System.Net.Sockets.Socket.AwaitableSocketAsyncEventArgs.System.Threading.Tasks.Sources.IValueTaskSource<System.Int32>.GetResult(Int16 token)
   at System.Net.Security.SslStream.EnsureFullTlsFrameAsync[TIOAdapter](CancellationToken cancellationToken, Int32 estimatedSize)
   at System.Runtime.CompilerServices.PoolingAsyncValueTaskMethodBuilder`1.StateMachineBox`1.System.Threading.Tasks.Sources.IValueTaskSource<TResult>.GetResult(Int16 token)
   at System.Net.Security.SslStream.ReadAsyncInternal[TIOAdapter](Memory`1 buffer, CancellationToken cancellationToken)
   at System.Runtime.CompilerServices.PoolingAsyncValueTaskMethodBuilder`1.StateMachineBox`1.System.Threading.Tasks.Sources.IValueTaskSource<TResult>.GetResult(Int16 token)
   at System.Net.Http.HttpConnection.SendAsync(HttpRequestMessage request, Boolean async, CancellationToken cancellationToken)
   --- End of inner exception stack trace ---
   at System.Net.Http.HttpConnection.SendAsync(HttpRequestMessage request, Boolean async, CancellationToken cancellationToken)
   at System.Net.Http.AuthenticationHelper.SendWithNtAuthAsync(HttpRequestMessage request, Uri authUri, Boolean async, ICredentials credentials, Boolean isProxyAuth, HttpConnection connection, HttpConnectionPool connectionPool, CancellationToken cancellationToken)
   at System.Net.Http.HttpConnectionPool.SendWithVersionDetectionAndRetryAsync(HttpRequestMessage request, Boolean async, Boolean doRequestAuth, CancellationToken cancellationToken)
   at System.Net.Http.AuthenticationHelper.SendWithAuthAsync(HttpRequestMessage request, Uri authUri, Boolean async, ICredentials credentials, Boolean preAuthenticate, Boolean isProxyAuth, Boolean doRequestAuth, HttpConnectionPool pool, CancellationToken cancellationToken)
   at System.Net.Http.RedirectHandler.SendAsync(HttpRequestMessage request, Boolean async, CancellationToken cancellationToken)
   at GitHub.Services.Common.RawHttpMessageHandler.SendAsync(HttpRequestMessage request, CancellationToken cancellationToken) in /root/runner-2.322.0/src/Sdk/Common/Common/RawHttpMessageHandler.cs:line 159
   at GitHub.Services.Common.VssHttpRetryMessageHandler.SendAsync(HttpRequestMessage request, CancellationToken cancellationToken) in /root/runner-2.322.0/src/Sdk/Common/Common/VssHttpRetryMessageHandler.cs:line 102
   at System.Net.Http.HttpClient.<SendAsync>g__Core|83_0(HttpRequestMessage request, HttpCompletionOption completionOption, CancellationTokenSource cts, Boolean disposeCts, CancellationTokenSource pendingRequestsCts, CancellationToken originalCancellationToken)
[2025-02-27 11:31:50Z ERR  BrokerServer] #####################################################
[2025-02-27 11:31:50Z ERR  BrokerServer] System.IO.IOException: Unable to read data from the transport connection: Operation canceled.
 ---> System.Net.Sockets.SocketException (125): Operation canceled
   --- End of inner exception stack trace ---
   at System.Net.Sockets.Socket.AwaitableSocketAsyncEventArgs.ThrowException(SocketError error, CancellationToken cancellationToken)
   at System.Net.Sockets.Socket.AwaitableSocketAsyncEventArgs.System.Threading.Tasks.Sources.IValueTaskSource<System.Int32>.GetResult(Int16 token)
   at System.Net.Security.SslStream.EnsureFullTlsFrameAsync[TIOAdapter](CancellationToken cancellationToken, Int32 estimatedSize)
   at System.Runtime.CompilerServices.PoolingAsyncValueTaskMethodBuilder`1.StateMachineBox`1.System.Threading.Tasks.Sources.IValueTaskSource<TResult>.GetResult(Int16 token)
   at System.Net.Security.SslStream.ReadAsyncInternal[TIOAdapter](Memory`1 buffer, CancellationToken cancellationToken)
   at System.Runtime.CompilerServices.PoolingAsyncValueTaskMethodBuilder`1.StateMachineBox`1.System.Threading.Tasks.Sources.IValueTaskSource<TResult>.GetResult(Int16 token)
   at System.Net.Http.HttpConnection.SendAsync(HttpRequestMessage request, Boolean async, CancellationToken cancellationToken)
[2025-02-27 11:31:50Z ERR  BrokerServer] #####################################################
[2025-02-27 11:31:50Z ERR  BrokerServer] System.Net.Sockets.SocketException (125): Operation canceled
[2025-02-27 11:31:50Z WARN BrokerServer] Back off 6.59 seconds before next retry. 4 attempt left.
[2025-02-27 11:31:50Z INFO MessageListener] Get next message has been cancelled.
[2025-02-27 11:31:50Z INFO JobDispatcher] Shutting down JobDispatcher. Make sure all WorkerDispatcher has finished.
[2025-02-27 11:31:50Z INFO Runner] Deleting Runner Session...
[2025-02-27 11:31:50Z INFO Listener] Runner execution been cancelled.
