[2025-02-27 08:01:32Z INFO HostContext] No proxy settings were found based on environmental variables (http_proxy/https_proxy/HTTP_PROXY/HTTPS_PROXY)
[2025-02-27 08:01:32Z INFO HostContext] Well known directory 'Bin': '/root/runner-2.322.0/bin'
[2025-02-27 08:01:32Z INFO HostContext] Well known directory 'Root': '/root/runner-2.322.0'
[2025-02-27 08:01:32Z INFO HostContext] Well known config file 'Credentials': '/root/runner-2.322.0/.credentials'
[2025-02-27 08:01:32Z INFO HostContext] Well known directory 'Bin': '/root/runner-2.322.0/bin'
[2025-02-27 08:01:32Z INFO HostContext] Well known directory 'Root': '/root/runner-2.322.0'
[2025-02-27 08:01:32Z INFO HostContext] Well known config file 'Runner': '/root/runner-2.322.0/.runner'
[2025-02-27 08:01:32Z INFO Listener] Runner is built for Linux (X64) - gancc.
[2025-02-27 08:01:32Z INFO Listener] RuntimeInformation: Ubuntu 22.04.1 LTS.
[2025-02-27 08:01:32Z INFO Listener] Version: 2.322.0
[2025-02-27 08:01:32Z INFO Listener] Commit: N/A
[2025-02-27 08:01:32Z INFO Listener] Culture: en-US
[2025-02-27 08:01:32Z INFO Listener] UI Culture: en-US
[2025-02-27 08:01:32Z INFO HostContext] Well known directory 'Bin': '/root/runner-2.322.0/bin'
[2025-02-27 08:01:32Z INFO HostContext] Well known directory 'Root': '/root/runner-2.322.0'
[2025-02-27 08:01:32Z INFO Listener] Validating directory permissions for: '/root/runner-2.322.0'
[2025-02-27 08:01:32Z INFO CommandLineParser] Parse
[2025-02-27 08:01:32Z INFO CommandLineParser] Parsing 1 args
[2025-02-27 08:01:32Z INFO CommandLineParser] parsing argument
[2025-02-27 08:01:32Z INFO CommandLineParser] HasArgs: False
[2025-02-27 08:01:32Z INFO CommandLineParser] Adding Command: remove
[2025-02-27 08:01:32Z INFO Listener] Arguments parsed
[2025-02-27 08:01:32Z INFO Runner] ExecuteCommand
[2025-02-27 08:01:32Z INFO ConfigurationStore] currentAssemblyLocation: /root/runner-2.322.0/bin/Runner.Listener.dll
[2025-02-27 08:01:32Z INFO HostContext] Well known directory 'Bin': '/root/runner-2.322.0/bin'
[2025-02-27 08:01:32Z INFO ConfigurationStore] binPath: /root/runner-2.322.0/bin
[2025-02-27 08:01:32Z INFO HostContext] Well known directory 'Bin': '/root/runner-2.322.0/bin'
[2025-02-27 08:01:32Z INFO HostContext] Well known directory 'Root': '/root/runner-2.322.0'
[2025-02-27 08:01:32Z INFO ConfigurationStore] RootFolder: /root/runner-2.322.0
[2025-02-27 08:01:32Z INFO HostContext] Well known directory 'Bin': '/root/runner-2.322.0/bin'
[2025-02-27 08:01:32Z INFO HostContext] Well known directory 'Root': '/root/runner-2.322.0'
[2025-02-27 08:01:32Z INFO HostContext] Well known config file 'Runner': '/root/runner-2.322.0/.runner'
[2025-02-27 08:01:32Z INFO ConfigurationStore] ConfigFilePath: /root/runner-2.322.0/.runner
[2025-02-27 08:01:32Z INFO HostContext] Well known directory 'Bin': '/root/runner-2.322.0/bin'
[2025-02-27 08:01:32Z INFO HostContext] Well known directory 'Root': '/root/runner-2.322.0'
[2025-02-27 08:01:32Z INFO HostContext] Well known config file 'Credentials': '/root/runner-2.322.0/.credentials'
[2025-02-27 08:01:32Z INFO ConfigurationStore] CredFilePath: /root/runner-2.322.0/.credentials
[2025-02-27 08:01:32Z INFO HostContext] Well known directory 'Bin': '/root/runner-2.322.0/bin'
[2025-02-27 08:01:32Z INFO HostContext] Well known directory 'Root': '/root/runner-2.322.0'
[2025-02-27 08:01:32Z INFO HostContext] Well known config file 'MigratedCredentials': '/root/runner-2.322.0/.credentials_migrated'
[2025-02-27 08:01:32Z INFO ConfigurationStore] MigratedCredFilePath: /root/runner-2.322.0/.credentials_migrated
[2025-02-27 08:01:32Z INFO HostContext] Well known directory 'Bin': '/root/runner-2.322.0/bin'
[2025-02-27 08:01:32Z INFO HostContext] Well known directory 'Root': '/root/runner-2.322.0'
[2025-02-27 08:01:32Z INFO HostContext] Well known config file 'Service': '/root/runner-2.322.0/.service'
[2025-02-27 08:01:32Z INFO ConfigurationStore] ServiceConfigFilePath: /root/runner-2.322.0/.service
[2025-02-27 08:01:32Z INFO CommandSettings] Flag 'help': 'False'
[2025-02-27 08:01:32Z INFO CommandSettings] Flag 'version': 'False'
[2025-02-27 08:01:32Z INFO CommandSettings] Flag 'commit': 'False'
[2025-02-27 08:01:32Z INFO CommandSettings] Flag 'check': 'False'
[2025-02-27 08:01:32Z INFO CommandSettings] Command 'configure': 'False'
[2025-02-27 08:01:32Z INFO CommandSettings] Command 'remove': 'True'
[2025-02-27 08:01:32Z INFO CommandSettings] Flag 'local': 'False'
[2025-02-27 08:01:32Z INFO ConfigurationStore] IsServiceConfigured()
[2025-02-27 08:01:32Z INFO ConfigurationStore] IsServiceConfigured: False
[2025-02-27 08:01:32Z INFO ConfigurationStore] IsConfigured()
[2025-02-27 08:01:32Z INFO ConfigurationStore] IsConfigured: True
[2025-02-27 08:01:32Z INFO ConfigurationStore] HasCredentials()
[2025-02-27 08:01:32Z INFO ConfigurationStore] stored True
[2025-02-27 08:01:32Z INFO ConfigurationStore] Read setting file: 297 chars
[2025-02-27 08:01:32Z INFO CommandSettings] Arg 'token': ''
[2025-02-27 08:01:32Z INFO CommandSettings] Flag 'unattended': 'False'
[2025-02-27 08:01:32Z INFO PromptManager] ReadValue
[2025-02-27 08:01:32Z INFO Terminal] WRITE: Enter runner remove token: 
[2025-02-27 08:01:32Z INFO Terminal] READ SECRET
[2025-02-27 08:01:42Z INFO Terminal] WRITE LINE: Exiting...
