[2025-02-27 11:28:54Z INFO HostContext] No proxy settings were found based on environmental variables (http_proxy/https_proxy/HTTP_PROXY/HTTPS_PROXY)
[2025-02-27 11:28:54Z INFO HostContext] Well known directory 'Bin': '/root/runner-2.322.0/bin'
[2025-02-27 11:28:54Z INFO HostContext] Well known directory 'Root': '/root/runner-2.322.0'
[2025-02-27 11:28:54Z INFO HostContext] Well known config file 'Credentials': '/root/runner-2.322.0/.credentials'
[2025-02-27 11:28:54Z INFO HostContext] Well known directory 'Bin': '/root/runner-2.322.0/bin'
[2025-02-27 11:28:54Z INFO HostContext] Well known directory 'Root': '/root/runner-2.322.0'
[2025-02-27 11:28:54Z INFO HostContext] Well known config file 'Runner': '/root/runner-2.322.0/.runner'
[2025-02-27 11:28:54Z INFO Listener] Runner is built for Linux (X64) - gancc.
[2025-02-27 11:28:54Z INFO Listener] RuntimeInformation: Ubuntu 22.04.1 LTS.
[2025-02-27 11:28:54Z INFO Listener] Version: 2.322.0
[2025-02-27 11:28:54Z INFO Listener] Commit: N/A
[2025-02-27 11:28:54Z INFO Listener] Culture: en-US
[2025-02-27 11:28:54Z INFO Listener] UI Culture: en-US
[2025-02-27 11:28:54Z INFO HostContext] Well known directory 'Bin': '/root/runner-2.322.0/bin'
[2025-02-27 11:28:54Z INFO HostContext] Well known directory 'Root': '/root/runner-2.322.0'
[2025-02-27 11:28:54Z INFO Listener] Validating directory permissions for: '/root/runner-2.322.0'
[2025-02-27 11:28:54Z INFO CommandLineParser] Parse
[2025-02-27 11:28:54Z INFO CommandLineParser] Parsing 1 args
[2025-02-27 11:28:54Z INFO CommandLineParser] parsing argument
[2025-02-27 11:28:54Z INFO CommandLineParser] HasArgs: False
[2025-02-27 11:28:54Z INFO CommandLineParser] Adding Command: remove
[2025-02-27 11:28:54Z INFO Listener] Arguments parsed
[2025-02-27 11:28:54Z INFO Runner] ExecuteCommand
[2025-02-27 11:28:54Z INFO ConfigurationStore] currentAssemblyLocation: /root/runner-2.322.0/bin/Runner.Listener.dll
[2025-02-27 11:28:54Z INFO HostContext] Well known directory 'Bin': '/root/runner-2.322.0/bin'
[2025-02-27 11:28:54Z INFO ConfigurationStore] binPath: /root/runner-2.322.0/bin
[2025-02-27 11:28:54Z INFO HostContext] Well known directory 'Bin': '/root/runner-2.322.0/bin'
[2025-02-27 11:28:54Z INFO HostContext] Well known directory 'Root': '/root/runner-2.322.0'
[2025-02-27 11:28:54Z INFO ConfigurationStore] RootFolder: /root/runner-2.322.0
[2025-02-27 11:28:54Z INFO HostContext] Well known directory 'Bin': '/root/runner-2.322.0/bin'
[2025-02-27 11:28:54Z INFO HostContext] Well known directory 'Root': '/root/runner-2.322.0'
[2025-02-27 11:28:54Z INFO HostContext] Well known config file 'Runner': '/root/runner-2.322.0/.runner'
[2025-02-27 11:28:54Z INFO ConfigurationStore] ConfigFilePath: /root/runner-2.322.0/.runner
[2025-02-27 11:28:54Z INFO HostContext] Well known directory 'Bin': '/root/runner-2.322.0/bin'
[2025-02-27 11:28:54Z INFO HostContext] Well known directory 'Root': '/root/runner-2.322.0'
[2025-02-27 11:28:54Z INFO HostContext] Well known config file 'Credentials': '/root/runner-2.322.0/.credentials'
[2025-02-27 11:28:54Z INFO ConfigurationStore] CredFilePath: /root/runner-2.322.0/.credentials
[2025-02-27 11:28:54Z INFO HostContext] Well known directory 'Bin': '/root/runner-2.322.0/bin'
[2025-02-27 11:28:54Z INFO HostContext] Well known directory 'Root': '/root/runner-2.322.0'
[2025-02-27 11:28:54Z INFO HostContext] Well known config file 'MigratedCredentials': '/root/runner-2.322.0/.credentials_migrated'
[2025-02-27 11:28:54Z INFO ConfigurationStore] MigratedCredFilePath: /root/runner-2.322.0/.credentials_migrated
[2025-02-27 11:28:54Z INFO HostContext] Well known directory 'Bin': '/root/runner-2.322.0/bin'
[2025-02-27 11:28:54Z INFO HostContext] Well known directory 'Root': '/root/runner-2.322.0'
[2025-02-27 11:28:54Z INFO HostContext] Well known config file 'Service': '/root/runner-2.322.0/.service'
[2025-02-27 11:28:54Z INFO ConfigurationStore] ServiceConfigFilePath: /root/runner-2.322.0/.service
[2025-02-27 11:28:54Z INFO CommandSettings] Flag 'help': 'False'
[2025-02-27 11:28:54Z INFO CommandSettings] Flag 'version': 'False'
[2025-02-27 11:28:54Z INFO CommandSettings] Flag 'commit': 'False'
[2025-02-27 11:28:54Z INFO CommandSettings] Flag 'check': 'False'
[2025-02-27 11:28:54Z INFO CommandSettings] Command 'configure': 'False'
[2025-02-27 11:28:54Z INFO CommandSettings] Command 'remove': 'True'
[2025-02-27 11:28:54Z INFO CommandSettings] Flag 'local': 'False'
[2025-02-27 11:28:54Z INFO ConfigurationStore] IsServiceConfigured()
[2025-02-27 11:28:54Z INFO ConfigurationStore] IsServiceConfigured: False
[2025-02-27 11:28:54Z INFO ConfigurationStore] IsConfigured()
[2025-02-27 11:28:54Z INFO ConfigurationStore] IsConfigured: True
[2025-02-27 11:28:54Z INFO ConfigurationStore] HasCredentials()
[2025-02-27 11:28:54Z INFO ConfigurationStore] stored False
[2025-02-27 11:28:54Z INFO Terminal] WRITE LINE: Cannot connect to server, because config files are missing. Skipping removing runner from the server.
[2025-02-27 11:28:54Z INFO ConfigurationStore] IsConfigured()
[2025-02-27 11:28:54Z INFO ConfigurationStore] IsConfigured: True
[2025-02-27 11:28:54Z INFO ConfigurationStore] HasCredentials()
[2025-02-27 11:28:54Z INFO ConfigurationStore] stored False
[2025-02-27 11:28:54Z INFO Terminal] WRITE LINE: Does not exist. Skipping Removing .credentials
[2025-02-27 11:28:55Z INFO Terminal] WRITE LINE: 
[2025-02-27 11:28:55Z INFO Listener] Runner execution has finished with return code 0
